OPTIMIZACION:
sin indices:
------------------------------------------------------------------------------------------------------------------------------------------------------------------------------------------------------------------------------------------------------------------
 Aggregate  (cost=5636.23..5636.24 rows=1 width=8)
   ->  Gather  (cost=1000.28..5636.22 rows=2 width=4)
         Workers Planned: 1
         ->  Nested Loop  (cost=0.29..4636.02 rows=1 width=4)
               ->  Parallel Seq Scan on orders  (cost=0.00..4627.72 rows=1 width=4)
                     Filter: ((totalamount > '100'::numeric) AND (date_part('year'::text, (orderdate)::timestamp without time zone) = '2015'::double precision) AND (date_part('month'::text, (orderdate)::timestamp without time zone) = '4'::double precision))
               ->  Index Only Scan using customers_pkey on customers  (cost=0.29..8.30 rows=1 width=4)
                     Index Cond: (customerid = orders.customerid)

indice de totalamount:
-------------------------------------------------------------------------------------------------------------------------------------------------------------------------------------------------------------------------
 Aggregate  (cost=4496.93..4496.94 rows=1 width=8)
   ->  Nested Loop  (cost=1127.18..4496.92 rows=2 width=4)
         ->  Bitmap Heap Scan on orders  (cost=1126.90..4480.32 rows=2 width=4)
               Recheck Cond: (totalamount > '100'::numeric)
               Filter: ((date_part('year'::text, (orderdate)::timestamp without time zone) = '2015'::double precision) AND (date_part('month'::text, (orderdate)::timestamp without time zone) = '4'::double precision))
               ->  Bitmap Index Scan on totalamountindex  (cost=0.00..1126.90 rows=60597 width=0)
                     Index Cond: (totalamount > '100'::numeric)
         ->  Index Only Scan using customers_pkey on customers  (cost=0.29..8.30 rows=1 width=4)
               Index Cond: (customerid = orders.customerid)
(9 filas)


indice de (orderdate,totalamount) and (totalamount, orderdate): 
-------------------------------------------------------------------------------------------------------------------------------------------------------------------------------------------------------------------------
 Aggregate  (cost=4496.93..4496.94 rows=1 width=8)
   ->  Nested Loop  (cost=1127.18..4496.92 rows=2 width=4)
         ->  Bitmap Heap Scan on orders  (cost=1126.90..4480.32 rows=2 width=4)
               Recheck Cond: (totalamount > '100'::numeric)
               Filter: ((date_part('year'::text, (orderdate)::timestamp without time zone) = '2015'::double precision) AND (date_part('month'::text, (orderdate)::timestamp without time zone) = '4'::double precision))
               ->  Bitmap Index Scan on totalamountindex  (cost=0.00..1126.90 rows=60597 width=0)
                     Index Cond: (totalamount > '100'::numeric)
         ->  Index Only Scan using customers_pkey on customers  (cost=0.29..8.30 rows=1 width=4)
               Index Cond: (customerid = orders.customerid)
(9 filas)


